311 -979 -1 
335 -701 -3 
372 -1183 -1 
408 -995 -3 
412 -3044 -2 
442 -1764 -4 
450 -1833 -3 

295 -357 -1 
321 -1040 -2 
397 -1181 -1 
427 -1469 -3 
444 -4045 -1 
445 -2237 -5 

299 -287 -1 
322 -911 -1 
338 -815 -3 
355 -934 -2 
407 -1491 -3 
416 -2445 -1 
420 -2776 -2 
422 -2065 -3 

317 -225 -1 
357 -1571 -3 
372 -2111 -1 
390 -2309 -1 
393 -530 -4 
425 -2981 -1 
444 -3983 -1 
449 -2585 -3 

312 -359 -1 
343 -1269 -1 
352 -467 -3 
370 -1559 -1 
377 -1168 -2 
388 -2411 -1 
422 -1499 -5 
447 -2977 -3 

299 -287 -1 
302 -351 -1 
335 -1118 -2 
378 -1906 -2 
430 -2055 -3 
434 -2237 -1 
439 -1718 -6 
445 -3665 -1 

314 -576 -2 
330 -586 -2 
348 -947 -1 
377 -888 -2 
406 -1574 -2 
416 -2641 -1 
438 -2767 -1 
444 -2105 -3 

296 -518 -2 
356 -1077 -1 
387 -450 -4 
401 -1524 -2 
416 -3075 -1 
425 -1652 -4 
444 -3819 -1 
445 -3666 -2 

299 -287 -1 
316 -349 -1 
351 -463 -3 
385 -1125 -1 
408 -1943 -3 
430 -3423 -1 
442 -908 -4 
448 -1462 -4 

315 -311 -1 
315 -224 -2 
322 -605 -1 
337 -349 -3 
348 -1503 -1 
377 -412 -2 
412 -2981 -1 
443 -2870 -4 

307 -413 -1 
320 -425 -1 
323 -451 -1 
374 -1512 -2 
378 -1524 -2 
429 -2119 -1 
444 -3201 -1 
444 -3062 -2 

297 -349 -1 
362 -574 -2 
373 -759 -1 
391 -1250 -2 
394 -3143 -1 
418 -1570 -2 
443 -1006 -4 
444 -3659 -1 

300 -597 -1 
359 -1379 -3 
389 -1551 -3 
394 -2113 -1 
414 -346 -4 
415 -357 -5 
424 -2570 -2 
430 -3570 -2 

311 -501 -1 
340 -460 -2 
383 -825 -1 
392 -873 -3 
393 -804 -4 
419 -2594 -2 
444 -3727 -1 
449 -936 -4 

301 -355 -1 
322 -755 -1 
355 -268 -2 
357 -1021 -3 
414 -1445 -1 
430 -3149 -1 
437 -1174 -6 
440 -3420 -2 

299 -483 -1 
330 -230 -2 
340 -597 -1 
360 -2331 -1 
421 -695 -3 
436 -1332 -2 
444 -2165 -3 
444 -2781 -1 

299 -279 -1 
308 -451 -1 
312 -857 -1 
365 -834 -2 
390 -2483 -1 
405 -2801 -1 
413 -2520 -4 
444 -2528 -2 

317 -459 -1 
322 -574 -2 
369 -1089 -1 
407 -306 -4 
412 -786 -2 
439 -1020 -4 
443 -2539 -1 
444 -3720 -2 

304 -349 -1 
329 -479 -3 
372 -876 -2 
429 -1575 -1 
430 -3135 -1 
442 -1044 -2 
444 -3467 -1 
448 -1346 -2 

304 -675 -1 
319 -1041 -1 
338 -656 -2 
341 -1173 -1 
374 -2366 -2 
400 -225 -3 
435 -1290 -4 
444 -3369 -1 

296 -869 -1 
342 -508 -2 
348 -1097 -1 
374 -2661 -1 
407 -345 -3 
436 -1308 -2 
442 -589 -5 
448 -1092 -6 

304 -825 -1 
332 -140 -2 
363 -880 -2 
413 -753 -3 
418 -1058 -2 
427 -1238 -2 
440 -2968 -2 
444 -2923 -3 

297 -293 -1 
363 -530 -2 
380 -539 -3 
384 -2264 -2 
386 -623 -3 
420 -1413 -3 
444 -3701 -1 
450 -2624 -2 

299 -279 -1 
327 -512 -2 
362 -677 -1 
376 -1205 -1 
390 -1062 -2 
440 -3170 -2 
444 -3629 -1 
447 -2289 -3 

310 -449 -1 
330 -664 -2 
343 -537 -3 
374 -1346 -2 
379 -224 -4 
429 -1339 -3 
436 -1991 -1 
444 -2919 -1 

302 -123 -1 
303 -597 -1 
362 -1115 -1 
390 -1130 -2 
394 -558 -4 
405 -1368 -2 
444 -3583 -1 
448 -2170 -2 

306 -619 -1 
345 -610 -2 
363 -656 -2 
372 -1037 -1 
374 -1168 -2 
401 -454 -4 
430 -3193 -1 
446 -3336 -2 

312 -469 -1 
358 -1043 -1 
361 -1177 -1 
373 -343 -3 
430 -3027 -1 
438 -1335 -3 
446 -1910 -2 
448 -2616 -2 

299 -381 -1 
372 -858 -2 
384 -1107 -1 
415 -1791 -1 
428 -1014 -4 
430 -1440 -2 
440 -2880 -2 
444 -3085 -1 

304 -495 -1 
362 -981 -1 
395 -700 -2 
420 -1515 -3 
429 -2707 -1 
436 -1754 -2 
440 -1006 -4 
444 -3231 -1 

