310 -1 
321 -2 
344 -3 
425 -4 

302 -2 
370 -4 

302 -1 
339 -2 
345 -3 
406 -4 

312 -2 
378 -3 
400 -4 

304 -1 
324 -2 
366 -4 
393 -5 

299 -1 
314 -2 
359 -3 
401 -4 

304 -2 
370 -3 
372 -5 
439 -6 

314 -2 
328 -3 
427 -4 

307 -1 
311 -2 
351 -3 
392 -4 
407 -5 

302 -1 
314 -2 
336 -3 
418 -4 
433 -5 

300 -1 
337 -2 
391 -3 

293 -1 
329 -2 
392 -3 
408 -4 

297 -1 
314 -2 
330 -3 

303 -1 
314 -2 
358 -3 
365 -4 
442 -7 

301 -1 
325 -3 
411 -4 
438 -5 

303 -1 
323 -2 
386 -3 
407 -4 
422 -5 

307 -2 
378 -3 
419 -4 

304 -1 
344 -2 
357 -3 
358 -4 

303 -1 
329 -2 
365 -3 
408 -4 

287 -1 
327 -2 
352 -3 
410 -4 

299 -1 
342 -2 
345 -3 
386 -4 

299 -1 
327 -2 
378 -3 
408 -4 
414 -5 

303 -1 
332 -2 
375 -3 
392 -4 

306 -1 
332 -2 
358 -3 
407 -4 

303 -1 
309 -2 
324 -3 
345 -4 

277 -1 
318 -2 
365 -4 

302 -1 
331 -2 
379 -3 
414 -4 

283 -1 
315 -2 
378 -3 
380 -6 

277 -1 
323 -3 
435 -4 

299 -1 
315 -2 
379 -3 
398 -4 
447 -5 

