323 -247 -2 
342 -207 -8 
376 -353 -2 
377 -949 -4 
395 -909 -6 
417 -1481 -2 
417 -1077 -8 
419 -1511 -10 

323 -282 -4 
335 -981 -2 
362 -1125 -4 
382 -373 -8 
415 -1735 -2 
417 -1563 -8 

300 -501 -2 
327 -873 -2 
342 -1509 -2 
380 -127 -4 
382 -629 -6 
393 -917 -6 
397 -317 -8 
414 -1055 -4 

292 -441 -4 
352 -1557 -2 
356 -741 -8 
376 -1701 -2 
409 -295 -12 
415 -839 -8 
419 -675 -12 
420 -1667 -4 

342 -763 -2 
380 -645 -8 
384 -951 -4 
389 -1841 -2 
407 -765 -8 
410 -1301 -6 
414 -1857 -2 
416 -517 -10 

311 -301 -2 
313 -399 -2 
380 -1977 -2 
381 -1225 -4 
385 -479 -6 
398 -1579 -6 
401 -1539 -12 
403 -2325 -2 

321 -643 -2 
354 -677 -8 
379 -951 -4 
391 -279 -10 
392 -1823 -4 
407 -709 -10 
408 -1177 -10 
413 -669 -12 

306 -575 -2 
351 -413 -4 
374 -1223 -2 
384 -989 -4 
393 -1635 -2 
407 -185 -10 
407 -1023 -4 
419 -1213 -10 

320 -211 -2 
337 -1235 -2 
340 -285 -4 
378 -349 -6 
380 -445 -4 
393 -609 -10 
405 -1245 -6 
407 -731 -12 

306 -459 -2 
341 -703 -2 
362 -1139 -2 
366 -187 -4 
396 -2131 -2 
396 -745 -6 
403 -1527 -4 
403 -843 -12 

299 -215 -2 
304 -675 -4 
329 -751 -2 
348 -705 -4 
375 -313 -6 
395 -304 -8 
407 -997 -10 
412 -2309 -4 

301 -231 -2 
386 -813 -6 
387 -185 -10 
392 -1513 -2 
393 -423 -8 
403 -2753 -2 
407 -1489 -4 

293 -381 -2 
327 -1149 -2 
380 -251 -6 
391 -1077 -4 
396 -789 -10 
407 -1209 -6 
417 -1433 -8 
419 -1979 -6 

307 -215 -2 
321 -1277 -4 
358 -1297 -2 
364 -903 -6 
384 -215 -10 
392 -661 -8 
405 -109 -12 
417 -1325 -10 

311 -215 -2 
320 -287 -2 
324 -1703 -2 
359 -265 -6 
374 -947 -8 
380 -199 -10 
398 -1007 -4 
407 -1791 -8 

306 -659 -2 
359 -1089 -4 
379 -1279 -4 
380 -461 -10 
391 -941 -6 
403 -1319 -2 
413 -1541 -4 
419 -1671 -2 

314 -215 -2 
368 -429 -2 
386 -687 -2 
393 -523 -4 
394 -2245 -2 
401 -1765 -4 
409 -319 -10 
418 -357 -12 

320 -219 -2 
351 -359 -2 
364 -549 -2 
380 -1613 -2 
387 -371 -8 
391 -663 -8 
410 -1417 -4 
413 -749 -10 

292 -221 -2 
357 -563 -2 
379 -583 -8 
389 -855 -6 
395 -317 -10 
410 -2123 -4 
419 -893 -8 

311 -309 -2 
356 -1940 -2 
368 -461 -4 
378 -713 -4 
389 -485 -6 
390 -271 -12 
407 -749 -12 
420 -2071 -4 

293 -315 -2 
357 -335 -2 
370 -2379 -2 
380 -519 -6 
384 -303 -8 
385 -767 -6 
409 -311 -10 
419 -1703 -6 

307 -451 -2 
362 -811 -2 
389 -377 -4 
394 -279 -10 
399 -293 -10 
406 -938 -2 
419 -2095 -2 
419 -1933 -6 

314 -645 -2 
365 -325 -10 
367 -1729 -2 
379 -989 -6 
387 -1077 -6 
405 -1401 -4 
407 -737 -10 
418 -767 -8 

328 -655 -2 
345 -265 -4 
360 -1005 -8 
394 -185 -12 
404 -1827 -2 
405 -657 -10 
418 -2123 -4 

299 -575 -2 
362 -599 -2 
368 -909 -6 
380 -329 -8 
402 -179 -10 
404 -2285 -2 
405 -1991 -8 
412 -1003 -22 

292 -809 -2 
357 -341 -4 
383 -213 -12 
402 -1731 -2 
408 -897 -4 
412 -2289 -4 
414 -889 -6 
416 -1403 -12 

299 -649 -2 
390 -265 -12 
404 -267 -6 
405 -609 -6 
406 -957 -6 
407 -2703 -2 
407 -791 -10 
413 -919 -8 

300 -953 -2 
332 -839 -6 
379 -213 -12 
380 -1073 -2 
383 -349 -10 
387 -1303 -2 
393 -1615 -6 
414 -1717 -6 

325 -215 -2 
331 -865 -2 
362 -1133 -4 
367 -101 -10 
380 -125 -6 
384 -595 -6 
399 -485 -10 
407 -2463 -8 

314 -777 -2 
379 -407 -6 
384 -437 -8 
390 -183 -10 
413 -1597 -2 
415 -327 -10 
415 -1093 -6 
416 -678 -12 

293 -213 -2 
356 -433 -2 
360 -1705 -2 
392 -1313 -4 
396 -2111 -2 
407 -1763 -6 
407 -821 -10 
407 -1255 -8 

