387 -1083 -16 
405 -1429 -2 
377 -857 -4 
330 -813 -8 
401 -1409 -2 
381 -1385 -2 
342 -843 -2 
391 -1051 -6 

380 -677 -8 
391 -1823 -2 
380 -909 -6 
419 -1647 -6 
393 -801 -8 
347 -811 -2 
360 -371 -4 
365 -1519 -4 

372 -1093 -2 
379 -1611 -8 
363 -1051 -2 
333 -327 -2 
363 -1051 -2 
391 -1491 -2 
380 -581 -8 
391 -1405 -6 

408 -2025 -2 
361 -1735 -8 
358 -553 -4 
352 -885 -2 
337 -335 -2 
352 -885 -2 
348 -649 -2 
362 -1663 -8 

402 -1333 -2 
401 -775 -6 
322 -549 -2 
390 -1059 -4 
385 -1051 -4 
380 -273 -6 
396 -1317 -2 
336 -757 -2 

391 -415 -10 
330 -1077 -2 
368 -1357 -2 
391 -879 -6 
391 -663 -8 
380 -587 -4 
387 -937 -4 
380 -511 -8 

392 -1385 -8 
382 -1403 -2 
314 -1169 -2 
390 -1519 -2 
345 -747 -6 
419 -1457 -8 
380 -983 -6 
386 -1379 -2 

394 -1461 -8 
370 -1485 -2 
377 -1541 -2 
363 -647 -6 
375 -983 -4 
356 -947 -4 
387 -1123 -4 
300 -687 -4 

405 -557 -8 
365 -997 -2 
368 -731 -6 
382 -1211 -4 
328 -39 -2 
396 -1277 -6 
362 -885 -2 
355 -347 -6 

382 -1219 -2 
393 -485 -10 
387 -1109 -6 
324 -573 -2 
389 -213 -8 
386 -1267 -2 
419 -679 -8 
391 -973 -6 

361 -1221 -2 
372 -879 -12 
380 -979 -4 
354 -619 -2 
393 -1159 -4 
401 -1579 -4 
346 -539 -2 
361 -1173 -2 

367 -1097 -2 
419 -753 -8 
412 -1389 -4 
323 -533 -2 
391 -1101 -6 
380 -575 -8 
365 -871 -6 
318 -181 -2 

379 -1185 -2 
402 -89 -10 
347 -825 -2 
393 -999 -4 
405 -677 -8 
363 -979 -2 
407 -1277 -6 
385 -835 -6 

407 -651 -8 
375 -1083 -2 
371 -265 -6 
390 -183 -8 
347 -443 -4 
395 -745 -4 
419 -1145 -2 
314 -349 -2 

419 -1511 -10 
323 -1029 -4 
393 -617 -10 
351 -701 -6 
348 -533 -6 
393 -1469 -4 
394 -673 -10 
393 -925 -6 

375 -1223 -2 
393 -529 -12 
292 -231 -2 
393 -951 -8 
387 -525 -4 
393 -1237 -6 
381 -503 -6 
352 -617 -2 

367 -1433 -2 
381 -631 -8 
317 -909 -2 
377 -741 -4 
299 -297 -2 
382 -643 -6 
393 -1861 -6 
402 -1949 -6 

391 -813 -8 
313 -531 -2 
405 -1313 -2 
309 -279 -2 
387 -961 -4 
419 -881 -8 
371 -779 -6 
417 -1035 -6 

369 -843 -2 
380 -391 -8 
342 -417 -4 
349 -523 -4 
419 -797 -8 
338 -493 -2 
409 -785 -6 
391 -761 -6 

364 -1299 -2 
397 -351 -8 
420 -1569 -2 
292 -833 -2 
405 -1269 -6 
415 -1533 -4 
380 -1057 -4 
351 -213 -4 

387 -217 -8 
357 -565 -2 
393 -1141 -6 
363 -1077 -6 
386 -95 -8 
348 -253 -4 
351 -301 -4 
372 -1045 -6 

321 -375 -2 
387 -677 -8 
390 -1679 -2 
380 -759 -6 
376 -1081 -4 
366 -357 -4 
407 -1157 -6 
306 -263 -2 

405 -765 -8 
365 -1605 -2 
328 -581 -4 
372 -1077 -6 
350 -851 -2 
303 -325 -2 
407 -1181 -6 
407 -1717 -2 

377 -815 -8 
369 -1045 -2 
409 -1269 -6 
397 -1115 -4 
359 -731 -2 
351 -513 -2 
376 -207 -6 
380 -853 -6 

330 -541 -2 
419 -829 -8 
394 -1541 -6 
353 -493 -4 
365 -1261 -6 
394 -1541 -6 
364 -625 -2 
355 -101 -4 

387 -647 -8 
334 -389 -2 
361 -757 -4 
371 -873 -2 
419 -1431 -4 
389 -1053 -4 
415 -1415 -4 
348 -693 -4 

419 -1463 -2 
365 -305 -8 
387 -1343 -2 
360 -989 -4 
411 -919 -6 
391 -423 -8 
327 -947 -4 
407 -759 -6 

394 -637 -10 
371 -1541 -2 
382 -413 -6 
394 -1469 -6 
361 -587 -4 
361 -587 -4 
393 -1653 -2 
387 -567 -8 

405 -717 -8 
376 -1323 -2 
401 -2433 -6 
379 -381 -8 
401 -2433 -6 
380 -743 -4 
368 -977 -2 
342 -967 -2 

387 -1829 -2 
379 -685 -10 
328 -863 -4 
414 -1061 -6 
393 -1869 -4 
419 -1213 -6 
374 -1757 -4 
365 -819 -2 

