639 
665 
681 
684 
701 
709 
709 
716 

698 
750 
762 
769 
769 
769 
775 
776 

728 
755 
763 
788 
794 
803 
837 
838 

701 
720 
730 
740 
748 
783 
789 
789 

686 
693 
699 
705 
743 
745 
761 
773 

693 
703 
719 
749 
749 
770 
791 
791 

646 
694 
744 
754 
768 
790 
817 
818 

650 
650 
726 
726 
748 
750 
750 
756 

652 
652 
692 
695 
712 
717 
735 
737 

674 
686 
699 
700 
706 
716 
716 
716 

680 
725 
725 
741 
742 
743 
743 
750 

641 
693 
702 
727 
755 
760 
764 
777 

622 
678 
685 
686 
707 
707 
711 
713 

709 
709 
709 
709 
709 
720 
729 
730 

716 
720 
724 
734 
737 
771 
772 
804 

715 
720 
778 
778 
784 
786 
801 
802 

674 
717 
726 
726 
767 
773 
809 
812 

748 
754 
769 
784 
792 
813 
815 
860 

652 
686 
692 
700 
706 
713 
721 
738 

628 
712 
712 
738 
741 
762 
770 
775 

657 
700 
727 
728 
728 
735 
757 
774 

716 
716 
720 
733 
751 
751 
759 
760 

633 
639 
702 
762 
790 
790 
806 
817 

682 
706 
756 
756 
756 
756 
756 
769 

711 
753 
753 
764 
773 
774 
782 
784 

664 
666 
673 
683 
699 
707 
707 
713 

647 
707 
766 
775 
803 
822 
826 
829 

682 
682 
695 
695 
699 
700 
751 
751 

708 
727 
737 
745 
751 
751 
753 
791 

716 
720 
720 
720 
722 
724 
727 
734 

