354 -2 
298 -1 
311 -1 
360 -2 
360 -2 
360 -2 
360 -2 
366 -2 

311 -1 
357 -2 
312 -1 
358 -2 
358 -2 
321 -1 
360 -2 
321 -1 

307 -1 
442 -4 
355 -3 
315 -1 
365 -3 
324 -1 
420 -3 
372 -2 

307 -1 
400 -4 
327 -2 
312 -1 
432 -3 
331 -2 
317 -1 
336 -2 

283 -1 
327 -2 
283 -1 
327 -2 
291 -1 
351 -2 
291 -1 
310 -1 

298 -1 
442 -5 
316 -2 
308 -1 
344 -2 
344 -2 
344 -2 
344 -2 

309 -2 
413 -3 
428 -3 
311 -1 
325 -2 
311 -1 
335 -2 
314 -1 

283 -1 
350 -2 
283 -1 
293 -1 
358 -2 
358 -2 
361 -2 
314 -1 

304 -1 
416 -3 
363 -2 
363 -2 
363 -2 
312 -1 
424 -3 
368 -2 

309 -1 
399 -3 
324 -2 
312 -1 
448 -3 
327 -2 
315 -1 
330 -2 

414 -4 
288 -1 
352 -3 
314 -2 
379 -3 
316 -2 
403 -3 
323 -1 

301 -1 
359 -3 
309 -1 
387 -3 
360 -2 
360 -2 
387 -3 
387 -3 

314 -2 
288 -1 
355 -2 
289 -1 
362 -2 
295 -1 
295 -1 
295 -1 

307 -1 
419 -4 
333 -2 
400 -3 
311 -1 
363 -2 
311 -1 
325 -1 

399 -3 
305 -1 
344 -2 
305 -1 
420 -3 
311 -1 
355 -2 
355 -2 

299 -1 
317 -3 
314 -1 
372 -3 
343 -2 
372 -3 
372 -3 
341 -1 

304 -1 
439 -3 
351 -2 
307 -1 
375 -2 
318 -1 
379 -2 
318 -1 

283 -1 
430 -5 
303 -2 
413 -3 
419 -4 
328 -1 
433 -4 
332 -2 

297 -1 
374 -3 
338 -2 
303 -1 
381 -3 
348 -2 
304 -1 
400 -3 

290 -1 
307 -2 
307 -2 
330 -2 
311 -1 
336 -2 
336 -1 
357 -2 

437 -6 
304 -1 
407 -4 
358 -3 
322 -2 
437 -6 
304 -1 
380 -3 

296 -2 
427 -3 
427 -3 
313 -1 
316 -2 
313 -1 
317 -2 
314 -1 

378 -3 
310 -2 
314 -1 
398 -3 
338 -2 
340 -1 
353 -2 
353 -2 

380 -3 
304 -1 
327 -2 
304 -1 
311 -1 
398 -3 
343 -2 
406 -3 

407 -3 
307 -1 
323 -2 
307 -1 
320 -1 
339 -2 
320 -1 
344 -2 

300 -1 
406 -3 
330 -2 
311 -1 
412 -3 
363 -2 
311 -1 
412 -3 

309 -1 
405 -3 
327 -2 
317 -1 
441 -3 
358 -2 
320 -1 
363 -2 

304 -1 
332 -2 
337 -2 
332 -1 
340 -1 
343 -2 
340 -1 
351 -2 

297 -1 
402 -3 
327 -2 
307 -1 
428 -3 
373 -2 
373 -2 
373 -2 

396 -4 
304 -1 
311 -2 
304 -1 
318 -2 
310 -1 
323 -2 
311 -1 

