477 
477 
477 
487 
493 
493 
497 
506 

489 
494 
495 
506 
510 
511 
519 
521 

496 
498 
509 
509 
513 
513 
513 
513 

456 
456 
462 
476 
498 
498 
498 
500 

465 
483 
483 
491 
505 
507 
507 
508 

470 
505 
505 
507 
508 
511 
511 
520 

481 
486 
494 
495 
504 
505 
505 
505 

490 
512 
518 
524 
524 
526 
531 
531 

459 
494 
499 
499 
521 
521 
526 
527 

442 
473 
491 
491 
491 
493 
493 
500 

473 
481 
506 
515 
518 
523 
526 
527 

512 
514 
518 
520 
521 
521 
527 
529 

487 
491 
494 
497 
498 
498 
501 
503 

445 
445 
464 
468 
506 
506 
506 
509 

483 
496 
496 
503 
506 
506 
514 
515 

487 
487 
489 
500 
500 
500 
502 
504 

494 
498 
504 
505 
512 
514 
517 
518 

427 
442 
451 
451 
458 
474 
479 
500 

492 
500 
500 
505 
516 
516 
516 
517 

499 
511 
512 
512 
516 
516 
520 
521 

470 
484 
484 
494 
502 
507 
507 
508 

486 
486 
486 
486 
503 
511 
512 
515 

487 
509 
510 
512 
516 
518 
518 
519 

505 
506 
509 
512 
512 
512 
512 
513 

491 
492 
492 
492 
492 
500 
502 
505 

528 
528 
530 
530 
532 
533 
533 
535 

494 
494 
498 
504 
504 
504 
509 
510 

447 
480 
503 
518 
522 
530 
533 
535 

456 
470 
492 
504 
505 
511 
514 
521 

470 
484 
484 
488 
497 
498 
499 
501 

