344 -1195 -1 
385 -1061 -3 
331 -856 -2 
325 -687 -1 
374 -1926 -2 
317 -404 -2 
444 -2578 -2 
289 -285 -1 

371 -1483 -1 
352 -1201 -3 
327 -845 -1 
347 -1232 -2 
326 -390 -2 
402 -1429 -3 
402 -1429 -3 
310 -473 -1 

435 -469 -3 
369 -1673 -1 
363 -748 -2 
331 -849 -1 
419 -1414 -2 
294 -237 -1 
409 -1713 -1 
391 -1250 -2 

373 -1393 -1 
400 -451 -3 
361 -1147 -1 
432 -1534 -2 
416 -1236 -2 
388 -1537 -1 
371 -634 -2 
316 -500 -2 

412 -1565 -3 
395 -2059 -1 
393 -1478 -2 
427 -1605 -3 
435 -2281 -1 
427 -1732 -2 
361 -1149 -1 
366 -1436 -2 

406 -234 -4 
389 -1203 -1 
385 -1003 -3 
363 -704 -2 
380 -343 -3 
324 -637 -1 
419 -1635 -1 
428 -1410 -2 

431 -1557 -1 
442 -1730 -4 
437 -1414 -2 
296 -767 -1 
405 -1210 -2 
317 -236 -2 
340 -1046 -2 
444 -1525 -1 

412 -1555 -1 
408 -975 -5 
419 -1717 -1 
419 -1261 -3 
328 -527 -1 
408 -975 -5 
342 -836 -2 
398 -523 -3 

313 -675 -1 
415 -785 -3 
342 -984 -2 
294 -394 -2 
444 -2097 -1 
284 -354 -2 
420 -1025 -3 
429 -1217 -3 

378 -369 -3 
411 -2363 -1 
356 -1456 -2 
440 -885 -3 
351 -815 -1 
291 -713 -1 
399 -359 -3 
311 -679 -1 

380 -978 -2 
359 -1481 -1 
318 -532 -2 
318 -963 -1 
356 -574 -2 
314 -482 -2 
450 -1162 -2 
359 -682 -2 

362 -1149 -1 
440 -1127 -5 
342 -383 -3 
398 -1648 -2 
399 -1728 -2 
336 -901 -1 
374 -758 -2 
335 -232 -2 

442 -1041 -3 
368 -1421 -1 
383 -1870 -2 
370 -532 -2 
310 -907 -1 
292 -117 -1 
430 -3205 -1 
318 -649 -1 

366 -802 -4 
310 -763 -1 
385 -834 -4 
420 -1123 -3 
328 -488 -2 
412 -2658 -2 
394 -858 -4 
352 -714 -4 

413 -2851 -1 
426 -2378 -2 
358 -858 -2 
371 -1117 -1 
328 -816 -2 
299 -579 -1 
426 -2378 -2 
380 -1956 -2 

364 -925 -3 
330 -1171 -1 
303 -752 -2 
355 -784 -2 
384 -2038 -2 
315 -869 -1 
384 -2038 -2 
290 -597 -1 

436 -2062 -4 
444 -2197 -1 
362 -1149 -3 
314 -814 -2 
397 -1306 -2 
419 -1354 -2 
381 -1023 -1 
446 -1481 -3 

386 -451 -5 
365 -1481 -1 
337 -351 -3 
288 -436 -2 
365 -1108 -2 
314 -475 -1 
357 -1044 -2 
407 -1811 -1 

420 -476 -4 
329 -879 -1 
356 -574 -2 
327 -316 -2 
335 -372 -2 
366 -1696 -2 
430 -2471 -1 
446 -2178 -2 

403 -1365 -5 
322 -417 -1 
373 -1346 -4 
350 -354 -2 
408 -2073 -3 
380 -1762 -2 
333 -857 -1 
303 -225 -1 

432 -1794 -4 
388 -1063 -1 
357 -669 -3 
355 -516 -2 
343 -486 -2 
345 -845 -1 
397 -1116 -2 
299 -445 -1 

376 -1643 -1 
414 -587 -5 
384 -1240 -2 
363 -308 -2 
342 -1275 -1 
436 -2174 -2 
370 -316 -2 
421 -579 -5 

362 -1167 -1 
329 -940 -2 
446 -2884 -2 
291 -443 -1 
309 -772 -2 
404 -2612 -2 
290 -419 -1 
327 -583 -1 

410 -635 -3 
389 -1953 -1 
332 -930 -2 
427 -2495 -3 
356 -1613 -1 
333 -1118 -2 
311 -456 -2 
326 -814 -2 

441 -2117 -1 
448 -1451 -3 
441 -1442 -2 
365 -1265 -1 
405 -529 -3 
344 -280 -2 
433 -1368 -2 
356 -588 -2 

438 -1149 -3 
371 -1409 -1 
312 -698 -2 
358 -1027 -1 
374 -812 -2 
371 -1409 -1 
299 -525 -1 
417 -2552 -2 

408 -1324 -4 
380 -1851 -1 
358 -669 -3 
362 -1558 -2 
355 -1011 -1 
333 -592 -2 
282 -847 -1 
438 -2502 -2 

352 -1471 -1 
378 -361 -3 
412 -1360 -2 
407 -2603 -1 
356 -896 -2 
387 -453 -3 
391 -1339 -3 
286 -375 -1 

325 -919 -1 
414 -2636 -4 
343 -831 -3 
407 -948 -4 
388 -740 -4 
329 -510 -2 
329 -510 -2 
369 -1349 -1 

413 -927 -3 
436 -1555 -1 
406 -727 -3 
296 -935 -1 
363 -1200 -2 
383 -1320 -2 
441 -2127 -1 
290 -863 -1 

