821 
877 
899 
906 
926 
926 
926 
926 

763 
763 
763 
763 
764 
788 
790 
793 

744 
790 
821 
823 
833 
850 
850 
853 

751 
751 
751 
792 
792 
793 
827 
840 

777 
785 
799 
812 
812 
812 
818 
818 

778 
785 
793 
797 
810 
817 
818 
851 

792 
824 
824 
861 
873 
952 
955 
955 

890 
904 
909 
928 
938 
939 
944 
944 

774 
774 
774 
781 
784 
859 
888 
892 

835 
836 
857 
864 
872 
872 
877 
895 

769 
782 
787 
787 
802 
802 
805 
824 

780 
780 
789 
793 
793 
793 
793 
825 

847 
854 
893 
895 
897 
917 
917 
917 

856 
862 
890 
890 
891 
892 
892 
892 

814 
846 
852 
858 
858 
858 
858 
858 

782 
782 
800 
800 
803 
817 
828 
859 

830 
859 
859 
859 
860 
860 
860 
860 

857 
857 
857 
858 
880 
908 
912 
926 

748 
758 
776 
776 
811 
811 
821 
844 

724 
738 
738 
738 
740 
791 
791 
791 

809 
822 
839 
839 
849 
859 
894 
926 

764 
795 
799 
800 
813 
839 
840 
843 

746 
761 
771 
771 
773 
777 
851 
851 

798 
802 
802 
817 
817 
848 
848 
855 

752 
758 
759 
759 
759 
787 
787 
801 

842 
858 
870 
871 
871 
875 
877 
879 

787 
795 
808 
814 
816 
816 
816 
822 

711 
718 
719 
725 
725 
742 
757 
816 

812 
845 
845 
845 
845 
878 
878 
878 

759 
765 
765 
781 
781 
800 
800 
800 

