../main ../sys/zerg ../state/start /home/caio/Documents/mestrado/build-order/mo-boo/model/zerglings-speedfull -o mograsp -c 0.3 -mc 5 -mp 1 -mh 1 -objm 2 -objM 4 -resm 1.5 -resM 3.5 -dOm 1.01 -dOM 1.1 -dRm 1.8 -dRM 2.5 -Fobjm 1.5 -FobjM 2.5 -Fresm 2.6 -FresM 3.5 -FdOm 1.1 -FdOM 1.3 -FdRm 1.4 -FdRM 2 -n one_swap -s 8 -r 1 -i 10 -std fronts -err time 1> output/c1.out 2> output/c1.err
../hv/hv --quiet -r 420 0 0 output/c1.out > output/c1.out_hv
../main ../sys/zerg ../state/start /home/caio/Documents/mestrado/build-order/mo-boo/model/zerglings-speedfull -o knee -c 0.14 -nc 57 -objm 1.41 -objM 12.1 -resm 0.96 -resM 3.76 -dOm 1.38 -dOM 1.81 -dRm 2.82 -dRM 3.28 -Fobjm 8.91 -FobjM 3.92 -Fresm 5.69 -FresM 12.09 -FdOm 1.11 -FdOM 1.35 -FdRm 2.31 -FdRM 3.9 -n one_swap -s 8 -r 1 -i 10 -std fronts -err time 1> output/c2.out 2> output/c2.err
../hv/hv --quiet -r 420 0 0 output/c2.out > output/c2.out_hv
hv: warning: output/c2.out: some points do not strictly dominate the reference point and they will be discarded
../main ../sys/zerg ../state/start /home/caio/Documents/mestrado/build-order/mo-boo/model/zerglings-speedfull -o knee -c 0.02 -nc 72 -objm 4.21 -objM 7.13 -resm 1.31 -resM 5.99 -dOm 1.62 -dOM 1.69 -dRm 2.18 -dRM 3.22 -Fobjm 5.23 -FobjM 10.61 -Fresm 8.55 -FresM 1.77 -FdOm 1.64 -FdOM 2.64 -FdRm 1.71 -FdRM 3.05 -n one_swap -s 8 -r 1 -i 10 -std fronts -err time 1> output/c3.out 2> output/c3.err
../hv/hv --quiet -r 420 0 0 output/c3.out > output/c3.out_hv
../main ../sys/zerg ../state/start /home/caio/Documents/mestrado/build-order/mo-boo/model/zerglings-speedfull -o nsga2 -c 0.99 -nc 18 -objm 0.52 -objM 8.53 -resm 7.53 -resM 7.58 -dOm 1.32 -dOM 1.53 -dRm 2 -dRM 2.51 -Fobjm 1.81 -FobjM 3.52 -Fresm 5.7 -FresM 14.71 -FdOm 1.07 -FdOM 1.39 -FdRm 1.55 -FdRM 2.02 -n one_swap -s 8 -r 1 -i 10 -std fronts -err time 1> output/c4.out 2> output/c4.err
../hv/hv --quiet -r 420 0 0 output/c4.out > output/c4.out_hv
../main ../sys/zerg ../state/start /home/caio/Documents/mestrado/build-order/mo-boo/model/zerglings-speedfull -o nsga2 -c 0.61 -nc 39 -objm 4.29 -objM 2.58 -resm 8.67 -resM 2.69 -dOm 1.04 -dOM 1.04 -dRm 2.4 -dRM 2.64 -Fobjm 0.37 -FobjM 8.43 -Fresm 2.94 -FresM 14.77 -FdOm 1.74 -FdOM 1.86 -FdRm 1.24 -FdRM 2.77 -n one_swap -s 8 -r 1 -i 10 -std fronts -err time 1> output/c5.out 2> output/c5.err
../hv/hv --quiet -r 420 0 0 output/c5.out > output/c5.out_hv
../main ../sys/zerg ../state/start /home/caio/Documents/mestrado/build-order/mo-boo/model/zerglings-speedfull -o mograsp -c 0.12 -mc 7 -mp 0.65 -mh 1 -objm 9.64 -objM 12.41 -resm 9.63 -resM 10.72 -dOm 1.08 -dOM 1.63 -dRm 2.01 -dRM 3.29 -Fobjm 4.25 -FobjM 12.97 -Fresm 3.97 -FresM 8.32 -FdOm 1.75 -FdOM 2.47 -FdRm 2.93 -FdRM 3.82 -n one_swap -s 8 -r 1 -i 10 -std fronts -err time 1> output/c6.out 2> output/c6.err
../hv/hv --quiet -r 420 0 0 output/c6.out > output/c6.out_hv
../main ../sys/zerg ../state/start /home/caio/Documents/mestrado/build-order/mo-boo/model/zerglings-speedfull -o knee -c 0.14 -nc 69 -objm 0.31 -objM 1.66 -resm 6.51 -resM 1.65 -dOm 1.11 -dOM 1.36 -dRm 2.92 -dRM 3.98 -Fobjm 1.52 -FobjM 7.22 -Fresm 1.3 -FresM 2.16 -FdOm 1.6 -FdOM 1.94 -FdRm 2.88 -FdRM 3.97 -n one_swap -s 8 -r 1 -i 10 -std fronts -err time 1> output/c7.out 2> output/c7.err
../hv/hv --quiet -r 420 0 0 output/c7.out > output/c7.out_hv
../main ../sys/zerg ../state/start /home/caio/Documents/mestrado/build-order/mo-boo/model/zerglings-speedfull -o nsga2 -c 0.52 -nc 54 -objm 2.71 -objM 1.75 -resm 8.27 -resM 2.92 -dOm 1.03 -dOM 1.48 -dRm 2.1 -dRM 3.33 -Fobjm 8.44 -FobjM 14.52 -Fresm 4.58 -FresM 6.39 -FdOm 1.62 -FdOM 2.34 -FdRm 2.29 -FdRM 2.54 -n one_swap -s 8 -r 1 -i 10 -std fronts -err time 1> output/c8.out 2> output/c8.err
../hv/hv --quiet -r 420 0 0 output/c8.out > output/c8.out_hv
../main ../sys/zerg ../state/start /home/caio/Documents/mestrado/build-order/mo-boo/model/zerglings-speedfull -o nsga2 -c 0.15 -nc 47 -objm 8.4 -objM 1.67 -resm 4.96 -resM 2.71 -dOm 1.17 -dOM 1.61 -dRm 1.63 -dRM 2.75 -Fobjm 4.22 -FobjM 13.33 -Fresm 4.28 -FresM 0.55 -FdOm 1.87 -FdOM 2.67 -FdRm 1.41 -FdRM 3.52 -n one_swap -s 8 -r 1 -i 10 -std fronts -err time 1> output/c9.out 2> output/c9.err
../hv/hv --quiet -r 420 0 0 output/c9.out > output/c9.out_hv
../main ../sys/zerg ../state/start /home/caio/Documents/mestrado/build-order/mo-boo/model/zerglings-speedfull -o nsga2 -c 0.14 -nc 37 -objm 2.74 -objM 8.12 -resm 6.78 -resM 8.81 -dOm 1.4 -dOM 1.72 -dRm 2.97 -dRM 3.67 -Fobjm 6.49 -FobjM 0.6 -Fresm 3.59 -FresM 3.95 -FdOm 1.71 -FdOM 2.65 -FdRm 2.93 -FdRM 3.7 -n one_swap -s 8 -r 1 -i 10 -std fronts -err time 1> output/c10.out 2> output/c10.err
../hv/hv --quiet -r 420 0 0 output/c10.out > output/c10.out_hv
../main ../sys/zerg ../state/start /home/caio/Documents/mestrado/build-order/mo-boo/model/zerglings-speedfull -o nsga2 -c 0.14 -nc 65 -objm 9.34 -objM 11.06 -resm 9.46 -resM 3.42 -dOm 1.17 -dOM 1.72 -dRm 1.95 -dRM 3.1 -Fobjm 2.52 -FobjM 1.55 -Fresm 4.66 -FresM 7.81 -FdOm 1.21 -FdOM 2.3 -FdRm 2.38 -FdRM 3.09 -n one_swap -s 8 -r 1 -i 10 -std fronts -err time 1> output/c11.out 2> output/c11.err
../hv/hv --quiet -r 420 0 0 output/c11.out > output/c11.out_hv
../main ../sys/zerg ../state/start /home/caio/Documents/mestrado/build-order/mo-boo/model/zerglings-speedmax -o mograsp -c 0.3 -mc 5 -mp 1 -mh 1 -objm 2 -objM 4 -resm 1.5 -resM 3.5 -dOm 1.01 -dOM 1.1 -dRm 1.8 -dRM 2.5 -Fobjm 1.5 -FobjM 2.5 -Fresm 2.6 -FresM 3.5 -FdOm 1.1 -FdOM 1.3 -FdRm 1.4 -FdRM 2 -n one_swap -s 8 -r 1 -i 10 -std fronts -err time 1> output/c1.out 2> output/c1.err
../hv/hv --quiet -r 420 0 output/c1.out > output/c1.out_hv
../main ../sys/zerg ../state/start /home/caio/Documents/mestrado/build-order/mo-boo/model/zerglings-speedmax -o knee -c 0.14 -nc 57 -objm 1.41 -objM 12.1 -resm 0.96 -resM 3.76 -dOm 1.38 -dOM 1.81 -dRm 2.82 -dRM 3.28 -Fobjm 8.91 -FobjM 3.92 -Fresm 5.69 -FresM 12.09 -FdOm 1.11 -FdOM 1.35 -FdRm 2.31 -FdRM 3.9 -n one_swap -s 8 -r 1 -i 10 -std fronts -err time 1> output/c2.out 2> output/c2.err
../hv/hv --quiet -r 420 0 output/c2.out > output/c2.out_hv
../main ../sys/zerg ../state/start /home/caio/Documents/mestrado/build-order/mo-boo/model/zerglings-speedmax -o knee -c 0.02 -nc 72 -objm 4.21 -objM 7.13 -resm 1.31 -resM 5.99 -dOm 1.62 -dOM 1.69 -dRm 2.18 -dRM 3.22 -Fobjm 5.23 -FobjM 10.61 -Fresm 8.55 -FresM 1.77 -FdOm 1.64 -FdOM 2.64 -FdRm 1.71 -FdRM 3.05 -n one_swap -s 8 -r 1 -i 10 -std fronts -err time 1> output/c3.out 2> output/c3.err
../hv/hv --quiet -r 420 0 output/c3.out > output/c3.out_hv
../main ../sys/zerg ../state/start /home/caio/Documents/mestrado/build-order/mo-boo/model/zerglings-speedmax -o nsga2 -c 0.99 -nc 18 -objm 0.52 -objM 8.53 -resm 7.53 -resM 7.58 -dOm 1.32 -dOM 1.53 -dRm 2 -dRM 2.51 -Fobjm 1.81 -FobjM 3.52 -Fresm 5.7 -FresM 14.71 -FdOm 1.07 -FdOM 1.39 -FdRm 1.55 -FdRM 2.02 -n one_swap -s 8 -r 1 -i 10 -std fronts -err time 1> output/c4.out 2> output/c4.err
../hv/hv --quiet -r 420 0 output/c4.out > output/c4.out_hv
../main ../sys/zerg ../state/start /home/caio/Documents/mestrado/build-order/mo-boo/model/zerglings-speedmax -o nsga2 -c 0.61 -nc 39 -objm 4.29 -objM 2.58 -resm 8.67 -resM 2.69 -dOm 1.04 -dOM 1.04 -dRm 2.4 -dRM 2.64 -Fobjm 0.37 -FobjM 8.43 -Fresm 2.94 -FresM 14.77 -FdOm 1.74 -FdOM 1.86 -FdRm 1.24 -FdRM 2.77 -n one_swap -s 8 -r 1 -i 10 -std fronts -err time 1> output/c5.out 2> output/c5.err
../hv/hv --quiet -r 420 0 output/c5.out > output/c5.out_hv
../main ../sys/zerg ../state/start /home/caio/Documents/mestrado/build-order/mo-boo/model/zerglings-speedmax -o mograsp -c 0.12 -mc 7 -mp 0.65 -mh 1 -objm 9.64 -objM 12.41 -resm 9.63 -resM 10.72 -dOm 1.08 -dOM 1.63 -dRm 2.01 -dRM 3.29 -Fobjm 4.25 -FobjM 12.97 -Fresm 3.97 -FresM 8.32 -FdOm 1.75 -FdOM 2.47 -FdRm 2.93 -FdRM 3.82 -n one_swap -s 8 -r 1 -i 10 -std fronts -err time 1> output/c6.out 2> output/c6.err
../hv/hv --quiet -r 420 0 output/c6.out > output/c6.out_hv
../main ../sys/zerg ../state/start /home/caio/Documents/mestrado/build-order/mo-boo/model/zerglings-speedmax -o knee -c 0.14 -nc 69 -objm 0.31 -objM 1.66 -resm 6.51 -resM 1.65 -dOm 1.11 -dOM 1.36 -dRm 2.92 -dRM 3.98 -Fobjm 1.52 -FobjM 7.22 -Fresm 1.3 -FresM 2.16 -FdOm 1.6 -FdOM 1.94 -FdRm 2.88 -FdRM 3.97 -n one_swap -s 8 -r 1 -i 10 -std fronts -err time 1> output/c7.out 2> output/c7.err
../hv/hv --quiet -r 420 0 output/c7.out > output/c7.out_hv
../main ../sys/zerg ../state/start /home/caio/Documents/mestrado/build-order/mo-boo/model/zerglings-speedmax -o nsga2 -c 0.52 -nc 54 -objm 2.71 -objM 1.75 -resm 8.27 -resM 2.92 -dOm 1.03 -dOM 1.48 -dRm 2.1 -dRM 3.33 -Fobjm 8.44 -FobjM 14.52 -Fresm 4.58 -FresM 6.39 -FdOm 1.62 -FdOM 2.34 -FdRm 2.29 -FdRM 2.54 -n one_swap -s 8 -r 1 -i 10 -std fronts -err time 1> output/c8.out 2> output/c8.err
../hv/hv --quiet -r 420 0 output/c8.out > output/c8.out_hv
../main ../sys/zerg ../state/start /home/caio/Documents/mestrado/build-order/mo-boo/model/zerglings-speedmax -o nsga2 -c 0.15 -nc 47 -objm 8.4 -objM 1.67 -resm 4.96 -resM 2.71 -dOm 1.17 -dOM 1.61 -dRm 1.63 -dRM 2.75 -Fobjm 4.22 -FobjM 13.33 -Fresm 4.28 -FresM 0.55 -FdOm 1.87 -FdOM 2.67 -FdRm 1.41 -FdRM 3.52 -n one_swap -s 8 -r 1 -i 10 -std fronts -err time 1> output/c9.out 2> output/c9.err
../hv/hv --quiet -r 420 0 output/c9.out > output/c9.out_hv
../main ../sys/zerg ../state/start /home/caio/Documents/mestrado/build-order/mo-boo/model/zerglings-speedmax -o nsga2 -c 0.14 -nc 37 -objm 2.74 -objM 8.12 -resm 6.78 -resM 8.81 -dOm 1.4 -dOM 1.72 -dRm 2.97 -dRM 3.67 -Fobjm 6.49 -FobjM 0.6 -Fresm 3.59 -FresM 3.95 -FdOm 1.71 -FdOM 2.65 -FdRm 2.93 -FdRM 3.7 -n one_swap -s 8 -r 1 -i 10 -std fronts -err time 1> output/c10.out 2> output/c10.err
../hv/hv --quiet -r 420 0 output/c10.out > output/c10.out_hv
../main ../sys/zerg ../state/start /home/caio/Documents/mestrado/build-order/mo-boo/model/zerglings-speedmax -o nsga2 -c 0.14 -nc 65 -objm 9.34 -objM 11.06 -resm 9.46 -resM 3.42 -dOm 1.17 -dOM 1.72 -dRm 1.95 -dRM 3.1 -Fobjm 2.52 -FobjM 1.55 -Fresm 4.66 -FresM 7.81 -FdOm 1.21 -FdOM 2.3 -FdRm 2.38 -FdRM 3.09 -n one_swap -s 8 -r 1 -i 10 -std fronts -err time 1> output/c11.out 2> output/c11.err
../hv/hv --quiet -r 420 0 output/c11.out > output/c11.out_hv
../main ../sys/zerg ../state/start /home/caio/Documents/mestrado/build-order/mo-boo/model/hydralisk-full -o mograsp -c 0.3 -mc 5 -mp 1 -mh 1 -objm 2 -objM 4 -resm 1.5 -resM 3.5 -dOm 1.01 -dOM 1.1 -dRm 1.8 -dRM 2.5 -Fobjm 1.5 -FobjM 2.5 -Fresm 2.6 -FresM 3.5 -FdOm 1.1 -FdOM 1.3 -FdRm 1.4 -FdRM 2 -n one_swap -s 8 -r 1 -i 10 -std fronts -err time 1> output/c1.out 2> output/c1.err
../hv/hv --quiet -r 450 0 0 output/c1.out > output/c1.out_hv
hv: warning: output/c1.out: some points do not strictly dominate the reference point and they will be discarded
../main ../sys/zerg ../state/start /home/caio/Documents/mestrado/build-order/mo-boo/model/hydralisk-full -o knee -c 0.14 -nc 57 -objm 1.41 -objM 12.1 -resm 0.96 -resM 3.76 -dOm 1.38 -dOM 1.81 -dRm 2.82 -dRM 3.28 -Fobjm 8.91 -FobjM 3.92 -Fresm 5.69 -FresM 12.09 -FdOm 1.11 -FdOM 1.35 -FdRm 2.31 -FdRM 3.9 -n one_swap -s 8 -r 1 -i 10 -std fronts -err time 1> output/c2.out 2> output/c2.err
../hv/hv --quiet -r 450 0 0 output/c2.out > output/c2.out_hv
../main ../sys/zerg ../state/start /home/caio/Documents/mestrado/build-order/mo-boo/model/hydralisk-full -o knee -c 0.02 -nc 72 -objm 4.21 -objM 7.13 -resm 1.31 -resM 5.99 -dOm 1.62 -dOM 1.69 -dRm 2.18 -dRM 3.22 -Fobjm 5.23 -FobjM 10.61 -Fresm 8.55 -FresM 1.77 -FdOm 1.64 -FdOM 2.64 -FdRm 1.71 -FdRM 3.05 -n one_swap -s 8 -r 1 -i 10 -std fronts -err time 1> output/c3.out 2> output/c3.err
../hv/hv --quiet -r 450 0 0 output/c3.out > output/c3.out_hv
../main ../sys/zerg ../state/start /home/caio/Documents/mestrado/build-order/mo-boo/model/hydralisk-full -o nsga2 -c 0.99 -nc 18 -objm 0.52 -objM 8.53 -resm 7.53 -resM 7.58 -dOm 1.32 -dOM 1.53 -dRm 2 -dRM 2.51 -Fobjm 1.81 -FobjM 3.52 -Fresm 5.7 -FresM 14.71 -FdOm 1.07 -FdOM 1.39 -FdRm 1.55 -FdRM 2.02 -n one_swap -s 8 -r 1 -i 10 -std fronts -err time 1> output/c4.out 2> output/c4.err
../hv/hv --quiet -r 450 0 0 output/c4.out > output/c4.out_hv
../main ../sys/zerg ../state/start /home/caio/Documents/mestrado/build-order/mo-boo/model/hydralisk-full -o nsga2 -c 0.61 -nc 39 -objm 4.29 -objM 2.58 -resm 8.67 -resM 2.69 -dOm 1.04 -dOM 1.04 -dRm 2.4 -dRM 2.64 -Fobjm 0.37 -FobjM 8.43 -Fresm 2.94 -FresM 14.77 -FdOm 1.74 -FdOM 1.86 -FdRm 1.24 -FdRM 2.77 -n one_swap -s 8 -r 1 -i 10 -std fronts -err time 1> output/c5.out 2> output/c5.err
../hv/hv --quiet -r 450 0 0 output/c5.out > output/c5.out_hv
../main ../sys/zerg ../state/start /home/caio/Documents/mestrado/build-order/mo-boo/model/hydralisk-full -o mograsp -c 0.12 -mc 7 -mp 0.65 -mh 1 -objm 9.64 -objM 12.41 -resm 9.63 -resM 10.72 -dOm 1.08 -dOM 1.63 -dRm 2.01 -dRM 3.29 -Fobjm 4.25 -FobjM 12.97 -Fresm 3.97 -FresM 8.32 -FdOm 1.75 -FdOM 2.47 -FdRm 2.93 -FdRM 3.82 -n one_swap -s 8 -r 1 -i 10 -std fronts -err time 1> output/c6.out 2> output/c6.err
../hv/hv --quiet -r 450 0 0 output/c6.out > output/c6.out_hv
../main ../sys/zerg ../state/start /home/caio/Documents/mestrado/build-order/mo-boo/model/hydralisk-full -o knee -c 0.14 -nc 69 -objm 0.31 -objM 1.66 -resm 6.51 -resM 1.65 -dOm 1.11 -dOM 1.36 -dRm 2.92 -dRM 3.98 -Fobjm 1.52 -FobjM 7.22 -Fresm 1.3 -FresM 2.16 -FdOm 1.6 -FdOM 1.94 -FdRm 2.88 -FdRM 3.97 -n one_swap -s 8 -r 1 -i 10 -std fronts -err time 1> output/c7.out 2> output/c7.err
../hv/hv --quiet -r 450 0 0 output/c7.out > output/c7.out_hv
../main ../sys/zerg ../state/start /home/caio/Documents/mestrado/build-order/mo-boo/model/hydralisk-full -o nsga2 -c 0.52 -nc 54 -objm 2.71 -objM 1.75 -resm 8.27 -resM 2.92 -dOm 1.03 -dOM 1.48 -dRm 2.1 -dRM 3.33 -Fobjm 8.44 -FobjM 14.52 -Fresm 4.58 -FresM 6.39 -FdOm 1.62 -FdOM 2.34 -FdRm 2.29 -FdRM 2.54 -n one_swap -s 8 -r 1 -i 10 -std fronts -err time 1> output/c8.out 2> output/c8.err
../hv/hv --quiet -r 450 0 0 output/c8.out > output/c8.out_hv
../main ../sys/zerg ../state/start /home/caio/Documents/mestrado/build-order/mo-boo/model/hydralisk-full -o nsga2 -c 0.15 -nc 47 -objm 8.4 -objM 1.67 -resm 4.96 -resM 2.71 -dOm 1.17 -dOM 1.61 -dRm 1.63 -dRM 2.75 -Fobjm 4.22 -FobjM 13.33 -Fresm 4.28 -FresM 0.55 -FdOm 1.87 -FdOM 2.67 -FdRm 1.41 -FdRM 3.52 -n one_swap -s 8 -r 1 -i 10 -std fronts -err time 1> output/c9.out 2> output/c9.err
../hv/hv --quiet -r 450 0 0 output/c9.out > output/c9.out_hv
../main ../sys/zerg ../state/start /home/caio/Documents/mestrado/build-order/mo-boo/model/hydralisk-full -o nsga2 -c 0.14 -nc 37 -objm 2.74 -objM 8.12 -resm 6.78 -resM 8.81 -dOm 1.4 -dOM 1.72 -dRm 2.97 -dRM 3.67 -Fobjm 6.49 -FobjM 0.6 -Fresm 3.59 -FresM 3.95 -FdOm 1.71 -FdOM 2.65 -FdRm 2.93 -FdRM 3.7 -n one_swap -s 8 -r 1 -i 10 -std fronts -err time 1> output/c10.out 2> output/c10.err
../hv/hv --quiet -r 450 0 0 output/c10.out > output/c10.out_hv
../main ../sys/zerg ../state/start /home/caio/Documents/mestrado/build-order/mo-boo/model/hydralisk-full -o nsga2 -c 0.14 -nc 65 -objm 9.34 -objM 11.06 -resm 9.46 -resM 3.42 -dOm 1.17 -dOM 1.72 -dRm 1.95 -dRM 3.1 -Fobjm 2.52 -FobjM 1.55 -Fresm 4.66 -FresM 7.81 -FdOm 1.21 -FdOM 2.3 -FdRm 2.38 -FdRM 3.09 -n one_swap -s 8 -r 1 -i 10 -std fronts -err time 1> output/c11.out 2> output/c11.err
../hv/hv --quiet -r 450 0 0 output/c11.out > output/c11.out_hv
../main ../sys/zerg ../state/start /home/caio/Documents/mestrado/build-order/mo-boo/model/hydralisk-3hatch -o mograsp -c 0.3 -mc 5 -mp 1 -mh 1 -objm 2 -objM 4 -resm 1.5 -resM 3.5 -dOm 1.01 -dOM 1.1 -dRm 1.8 -dRM 2.5 -Fobjm 1.5 -FobjM 2.5 -Fresm 2.6 -FresM 3.5 -FdOm 1.1 -FdOM 1.3 -FdRm 1.4 -FdRM 2 -n one_swap -s 8 -r 1 -i 10 -std fronts -err time 1> output/c1.out 2> output/c1.err
../hv/hv --quiet -r 450 0 output/c1.out > output/c1.out_hv
../main ../sys/zerg ../state/start /home/caio/Documents/mestrado/build-order/mo-boo/model/hydralisk-3hatch -o knee -c 0.14 -nc 57 -objm 1.41 -objM 12.1 -resm 0.96 -resM 3.76 -dOm 1.38 -dOM 1.81 -dRm 2.82 -dRM 3.28 -Fobjm 8.91 -FobjM 3.92 -Fresm 5.69 -FresM 12.09 -FdOm 1.11 -FdOM 1.35 -FdRm 2.31 -FdRM 3.9 -n one_swap -s 8 -r 1 -i 10 -std fronts -err time 1> output/c2.out 2> output/c2.err
../hv/hv --quiet -r 450 0 output/c2.out > output/c2.out_hv
hv: warning: output/c2.out: some points do not strictly dominate the reference point and they will be discarded
../main ../sys/zerg ../state/start /home/caio/Documents/mestrado/build-order/mo-boo/model/hydralisk-3hatch -o knee -c 0.02 -nc 72 -objm 4.21 -objM 7.13 -resm 1.31 -resM 5.99 -dOm 1.62 -dOM 1.69 -dRm 2.18 -dRM 3.22 -Fobjm 5.23 -FobjM 10.61 -Fresm 8.55 -FresM 1.77 -FdOm 1.64 -FdOM 2.64 -FdRm 1.71 -FdRM 3.05 -n one_swap -s 8 -r 1 -i 10 -std fronts -err time 1> output/c3.out 2> output/c3.err
../hv/hv --quiet -r 450 0 output/c3.out > output/c3.out_hv
hv: warning: output/c3.out: some points do not strictly dominate the reference point and they will be discarded
../main ../sys/zerg ../state/start /home/caio/Documents/mestrado/build-order/mo-boo/model/hydralisk-3hatch -o nsga2 -c 0.99 -nc 18 -objm 0.52 -objM 8.53 -resm 7.53 -resM 7.58 -dOm 1.32 -dOM 1.53 -dRm 2 -dRM 2.51 -Fobjm 1.81 -FobjM 3.52 -Fresm 5.7 -FresM 14.71 -FdOm 1.07 -FdOM 1.39 -FdRm 1.55 -FdRM 2.02 -n one_swap -s 8 -r 1 -i 10 -std fronts -err time 1> output/c4.out 2> output/c4.err
../hv/hv --quiet -r 450 0 output/c4.out > output/c4.out_hv
../main ../sys/zerg ../state/start /home/caio/Documents/mestrado/build-order/mo-boo/model/hydralisk-3hatch -o nsga2 -c 0.61 -nc 39 -objm 4.29 -objM 2.58 -resm 8.67 -resM 2.69 -dOm 1.04 -dOM 1.04 -dRm 2.4 -dRM 2.64 -Fobjm 0.37 -FobjM 8.43 -Fresm 2.94 -FresM 14.77 -FdOm 1.74 -FdOM 1.86 -FdRm 1.24 -FdRM 2.77 -n one_swap -s 8 -r 1 -i 10 -std fronts -err time 1> output/c5.out 2> output/c5.err
../hv/hv --quiet -r 450 0 output/c5.out > output/c5.out_hv
hv: warning: output/c5.out: some points do not strictly dominate the reference point and they will be discarded
../main ../sys/zerg ../state/start /home/caio/Documents/mestrado/build-order/mo-boo/model/hydralisk-3hatch -o mograsp -c 0.12 -mc 7 -mp 0.65 -mh 1 -objm 9.64 -objM 12.41 -resm 9.63 -resM 10.72 -dOm 1.08 -dOM 1.63 -dRm 2.01 -dRM 3.29 -Fobjm 4.25 -FobjM 12.97 -Fresm 3.97 -FresM 8.32 -FdOm 1.75 -FdOM 2.47 -FdRm 2.93 -FdRM 3.82 -n one_swap -s 8 -r 1 -i 10 -std fronts -err time 1> output/c6.out 2> output/c6.err
../hv/hv --quiet -r 450 0 output/c6.out > output/c6.out_hv
../main ../sys/zerg ../state/start /home/caio/Documents/mestrado/build-order/mo-boo/model/hydralisk-3hatch -o knee -c 0.14 -nc 69 -objm 0.31 -objM 1.66 -resm 6.51 -resM 1.65 -dOm 1.11 -dOM 1.36 -dRm 2.92 -dRM 3.98 -Fobjm 1.52 -FobjM 7.22 -Fresm 1.3 -FresM 2.16 -FdOm 1.6 -FdOM 1.94 -FdRm 2.88 -FdRM 3.97 -n one_swap -s 8 -r 1 -i 10 -std fronts -err time 1> output/c7.out 2> output/c7.err
../hv/hv --quiet -r 450 0 output/c7.out > output/c7.out_hv
hv: warning: output/c7.out: some points do not strictly dominate the reference point and they will be discarded
../main ../sys/zerg ../state/start /home/caio/Documents/mestrado/build-order/mo-boo/model/hydralisk-3hatch -o nsga2 -c 0.52 -nc 54 -objm 2.71 -objM 1.75 -resm 8.27 -resM 2.92 -dOm 1.03 -dOM 1.48 -dRm 2.1 -dRM 3.33 -Fobjm 8.44 -FobjM 14.52 -Fresm 4.58 -FresM 6.39 -FdOm 1.62 -FdOM 2.34 -FdRm 2.29 -FdRM 2.54 -n one_swap -s 8 -r 1 -i 10 -std fronts -err time 1> output/c8.out 2> output/c8.err
../hv/hv --quiet -r 450 0 output/c8.out > output/c8.out_hv
../main ../sys/zerg ../state/start /home/caio/Documents/mestrado/build-order/mo-boo/model/hydralisk-3hatch -o nsga2 -c 0.15 -nc 47 -objm 8.4 -objM 1.67 -resm 4.96 -resM 2.71 -dOm 1.17 -dOM 1.61 -dRm 1.63 -dRM 2.75 -Fobjm 4.22 -FobjM 13.33 -Fresm 4.28 -FresM 0.55 -FdOm 1.87 -FdOM 2.67 -FdRm 1.41 -FdRM 3.52 -n one_swap -s 8 -r 1 -i 10 -std fronts -err time 1> output/c9.out 2> output/c9.err
